<?xml version="1.0" encoding="UTF-8"?>
<testng-results ignored="0" total="7" passed="4" failed="3" skipped="0">
  <reporter-output>
  </reporter-output>
  <suite started-at="2026-02-16T11:38:46 IST" name="Default suite" finished-at="2026-02-16T11:45:24 IST" duration-ms="398099">
    <groups>
      <group name="cucumber">
        <method signature="AbstractTestNGCucumberTests.runScenario(io.cucumber.testng.PickleWrapper,io.cucumber.testng.FeatureWrapper)[pri:0, instance:runner.TestRunner@1ebd319f]" name="runScenario" class="io.cucumber.testng.AbstractTestNGCucumberTests"/>
      </group> <!-- cucumber -->
    </groups>
    <test started-at="2026-02-16T11:38:46 IST" name="Default test" finished-at="2026-02-16T11:45:24 IST" duration-ms="398099">
      <class name="runner.TestRunner">
        <test-method is-config="true" signature="setUpClass(org.testng.ITestContext)[pri:0, instance:runner.TestRunner@1ebd319f]" started-at="2026-02-16T11:38:46 IST" name="setUpClass" finished-at="2026-02-16T11:38:47 IST" duration-ms="1479" status="PASS">
          <params>
            <param index="0">
              <value>
                <![CDATA[org.testng.TestRunner@184751f3]]>
              </value>
            </param>
          </params>
          <reporter-output>
          </reporter-output>
        </test-method> <!-- setUpClass -->
        <test-method signature="runScenario(io.cucumber.testng.PickleWrapper,io.cucumber.testng.FeatureWrapper)[pri:0, instance:runner.TestRunner@1ebd319f]" started-at="2026-02-16T11:38:47 IST" name="runScenario" description="Runs Cucumber Scenarios" data-provider="scenarios" finished-at="2026-02-16T11:39:27 IST" duration-ms="39701" status="PASS">
          <params>
            <param index="0">
              <value>
                <![CDATA["Verify the application is logging with correct credentials.."]]>
              </value>
            </param>
            <param index="1">
              <value>
                <![CDATA["Below test cases are for sanity testing"]]>
              </value>
            </param>
          </params>
          <reporter-output>
          </reporter-output>
        </test-method> <!-- runScenario -->
        <test-method signature="runScenario(io.cucumber.testng.PickleWrapper,io.cucumber.testng.FeatureWrapper)[pri:0, instance:runner.TestRunner@1ebd319f]" started-at="2026-02-16T11:39:27 IST" name="runScenario" description="Runs Cucumber Scenarios" data-provider="scenarios" finished-at="2026-02-16T11:40:34 IST" duration-ms="67099" status="PASS">
          <params>
            <param index="0">
              <value>
                <![CDATA["Verify that search button functionality for Refering provider page.."]]>
              </value>
            </param>
            <param index="1">
              <value>
                <![CDATA["Below test cases are for sanity testing"]]>
              </value>
            </param>
          </params>
          <reporter-output>
          </reporter-output>
        </test-method> <!-- runScenario -->
        <test-method signature="runScenario(io.cucumber.testng.PickleWrapper,io.cucumber.testng.FeatureWrapper)[pri:0, instance:runner.TestRunner@1ebd319f]" started-at="2026-02-16T11:40:34 IST" name="runScenario" description="Runs Cucumber Scenarios" data-provider="scenarios" finished-at="2026-02-16T11:41:27 IST" duration-ms="52612" status="FAIL">
          <params>
            <param index="0">
              <value>
                <![CDATA["Verify that  Edit screen is visible without any error ."]]>
              </value>
            </param>
            <param index="1">
              <value>
                <![CDATA["Below test cases are for sanity testing"]]>
              </value>
            </param>
          </params>
          <exception class="org.openqa.selenium.ElementClickInterceptedException">
            <message>
              <![CDATA[Element <button class="MuiButtonBase-root MuiButton-root MuiButton-contained MuiButton-containedAccent MuiButton-sizeSmall MuiButton-containedSizeSmall MuiButton-colorAccent MuiButton-disableElevation MuiButton-root MuiButton-contained MuiButton-containedAccent MuiButton-sizeSmall MuiButton-containedSizeSmall MuiButton-colorAccent MuiButton-disableElevation btn-normal css-1rpbjkv" type="button"> is not clickable at point (670,141) because another element <div class="MuiBackdrop-root css-cpeh0l"> obscures it
Build info: version: '4.27.0', revision: 'd6e718d134'
System info: os.name: 'Windows 10', os.arch: 'amd64', os.version: '10.0', java.version: '21.0.8'
Driver info: org.openqa.selenium.firefox.FirefoxDriver
Command: [9703e681-ece8-469b-98dd-29829f7112a4, clickElement {id=319e0837-b77a-4db8-b67d-cf56353c129d}]
Capabilities {acceptInsecureCerts: true, browserName: firefox, browserVersion: 147.0.3, moz:accessibilityChecks: false, moz:buildID: 20260203002554, moz:geckodriverVersion: 0.36.0, moz:headless: false, moz:platformVersion: 10.0, moz:processID: 6636, moz:profile: C:\Users\user\AppData\Local..., moz:shutdownTimeout: 60000, moz:webdriverClick: true, moz:windowless: false, pageLoadStrategy: normal, platformName: windows, proxy: Proxy(), setWindowRect: true, strictFileInteractability: false, timeouts: {implicit: 0, pageLoad: 300000, script: 30000}, unhandledPromptBehavior: dismiss and notify, userAgent: Mozilla/5.0 (Windows NT 10....}
Element: [[FirefoxDriver: firefox on windows (9703e681-ece8-469b-98dd-29829f7112a4)] -> xpath: //button[@class="MuiButtonBase-root MuiButton-root MuiButton-contained MuiButton-containedAccent MuiButton-sizeSmall MuiButton-containedSizeSmall MuiButton-colorAccent MuiButton-disableElevation MuiButton-root MuiButton-contained MuiButton-containedAccent MuiButton-sizeSmall MuiButton-containedSizeSmall MuiButton-colorAccent MuiButton-disableElevation btn-normal css-1rpbjkv"]]
Session ID: 9703e681-ece8-469b-98dd-29829f7112a4]]>
            </message>
            <full-stacktrace>
              <![CDATA[org.openqa.selenium.ElementClickInterceptedException: Element <button class="MuiButtonBase-root MuiButton-root MuiButton-contained MuiButton-containedAccent MuiButton-sizeSmall MuiButton-containedSizeSmall MuiButton-colorAccent MuiButton-disableElevation MuiButton-root MuiButton-contained MuiButton-containedAccent MuiButton-sizeSmall MuiButton-containedSizeSmall MuiButton-colorAccent MuiButton-disableElevation btn-normal css-1rpbjkv" type="button"> is not clickable at point (670,141) because another element <div class="MuiBackdrop-root css-cpeh0l"> obscures it
Build info: version: '4.27.0', revision: 'd6e718d134'
System info: os.name: 'Windows 10', os.arch: 'amd64', os.version: '10.0', java.version: '21.0.8'
Driver info: org.openqa.selenium.firefox.FirefoxDriver
Command: [9703e681-ece8-469b-98dd-29829f7112a4, clickElement {id=319e0837-b77a-4db8-b67d-cf56353c129d}]
Capabilities {acceptInsecureCerts: true, browserName: firefox, browserVersion: 147.0.3, moz:accessibilityChecks: false, moz:buildID: 20260203002554, moz:geckodriverVersion: 0.36.0, moz:headless: false, moz:platformVersion: 10.0, moz:processID: 6636, moz:profile: C:\Users\user\AppData\Local..., moz:shutdownTimeout: 60000, moz:webdriverClick: true, moz:windowless: false, pageLoadStrategy: normal, platformName: windows, proxy: Proxy(), setWindowRect: true, strictFileInteractability: false, timeouts: {implicit: 0, pageLoad: 300000, script: 30000}, unhandledPromptBehavior: dismiss and notify, userAgent: Mozilla/5.0 (Windows NT 10....}
Element: [[FirefoxDriver: firefox on windows (9703e681-ece8-469b-98dd-29829f7112a4)] -> xpath: //button[@class="MuiButtonBase-root MuiButton-root MuiButton-contained MuiButton-containedAccent MuiButton-sizeSmall MuiButton-containedSizeSmall MuiButton-colorAccent MuiButton-disableElevation MuiButton-root MuiButton-contained MuiButton-containedAccent MuiButton-sizeSmall MuiButton-containedSizeSmall MuiButton-colorAccent MuiButton-disableElevation btn-normal css-1rpbjkv"]]
Session ID: 9703e681-ece8-469b-98dd-29829f7112a4
at java.base/jdk.internal.reflect.DirectConstructorHandleAccessor.newInstance(DirectConstructorHandleAccessor.java:62)
at java.base/java.lang.reflect.Constructor.newInstanceWithCaller(Constructor.java:502)
at java.base/java.lang.reflect.Constructor.newInstance(Constructor.java:486)
at org.openqa.selenium.remote.ErrorCodec.decode(ErrorCodec.java:167)
at org.openqa.selenium.remote.codec.w3c.W3CHttpResponseCodec.decode(W3CHttpResponseCodec.java:138)
at org.openqa.selenium.remote.codec.w3c.W3CHttpResponseCodec.decode(W3CHttpResponseCodec.java:50)
at org.openqa.selenium.remote.HttpCommandExecutor.execute(HttpCommandExecutor.java:190)
at org.openqa.selenium.remote.service.DriverCommandExecutor.invokeExecute(DriverCommandExecutor.java:216)
at org.openqa.selenium.remote.service.DriverCommandExecutor.execute(DriverCommandExecutor.java:174)
at org.openqa.selenium.remote.RemoteWebDriver.execute(RemoteWebDriver.java:545)
at org.openqa.selenium.remote.RemoteWebElement.execute(RemoteWebElement.java:223)
at org.openqa.selenium.remote.RemoteWebElement.click(RemoteWebElement.java:76)
at Keywords_Driven_Framework.KeywordsUAT.Click(KeywordsUAT.java:72)
at stepsDefinations.AccountUAT.SeARCH(AccountUAT.java:120)
at ✽.click on Search button(file:///C:/Users/user/eclipse-workspace/Framework/src/test/resources/feature/Sanity.feature:46)
]]>
            </full-stacktrace>
          </exception> <!-- org.openqa.selenium.ElementClickInterceptedException -->
          <reporter-output>
          </reporter-output>
        </test-method> <!-- runScenario -->
        <test-method signature="runScenario(io.cucumber.testng.PickleWrapper,io.cucumber.testng.FeatureWrapper)[pri:0, instance:runner.TestRunner@1ebd319f]" started-at="2026-02-16T11:41:27 IST" name="runScenario" description="Runs Cucumber Scenarios" data-provider="scenarios" finished-at="2026-02-16T11:42:18 IST" duration-ms="51216" status="FAIL">
          <params>
            <param index="0">
              <value>
                <![CDATA["Verify that search button functionality for Rendering provider page.."]]>
              </value>
            </param>
            <param index="1">
              <value>
                <![CDATA["Below test cases are for sanity testing"]]>
              </value>
            </param>
          </params>
          <exception class="org.openqa.selenium.ElementClickInterceptedException">
            <message>
              <![CDATA[Element <button class="MuiButtonBase-root MuiButton-root MuiButton-contained MuiButton-containedAccent MuiButton-sizeSmall MuiButton-containedSizeSmall MuiButton-colorAccent MuiButton-disableElevation MuiButton-root MuiButton-contained MuiButton-containedAccent MuiButton-sizeSmall MuiButton-containedSizeSmall MuiButton-colorAccent MuiButton-disableElevation btn-normal css-1rpbjkv" type="button"> is not clickable at point (670,135) because another element <div class="MuiBackdrop-root css-cpeh0l"> obscures it
Build info: version: '4.27.0', revision: 'd6e718d134'
System info: os.name: 'Windows 10', os.arch: 'amd64', os.version: '10.0', java.version: '21.0.8'
Driver info: org.openqa.selenium.firefox.FirefoxDriver
Command: [30eff435-abcc-4937-b7af-b6bff283707a, clickElement {id=b4c41fef-391a-4efa-8881-b90aae674909}]
Capabilities {acceptInsecureCerts: true, browserName: firefox, browserVersion: 147.0.3, moz:accessibilityChecks: false, moz:buildID: 20260203002554, moz:geckodriverVersion: 0.36.0, moz:headless: false, moz:platformVersion: 10.0, moz:processID: 24756, moz:profile: C:\Users\user\AppData\Local..., moz:shutdownTimeout: 60000, moz:webdriverClick: true, moz:windowless: false, pageLoadStrategy: normal, platformName: windows, proxy: Proxy(), setWindowRect: true, strictFileInteractability: false, timeouts: {implicit: 0, pageLoad: 300000, script: 30000}, unhandledPromptBehavior: dismiss and notify, userAgent: Mozilla/5.0 (Windows NT 10....}
Element: [[FirefoxDriver: firefox on windows (30eff435-abcc-4937-b7af-b6bff283707a)] -> xpath: (//button[@type="button"])[12]]
Session ID: 30eff435-abcc-4937-b7af-b6bff283707a]]>
            </message>
            <full-stacktrace>
              <![CDATA[org.openqa.selenium.ElementClickInterceptedException: Element <button class="MuiButtonBase-root MuiButton-root MuiButton-contained MuiButton-containedAccent MuiButton-sizeSmall MuiButton-containedSizeSmall MuiButton-colorAccent MuiButton-disableElevation MuiButton-root MuiButton-contained MuiButton-containedAccent MuiButton-sizeSmall MuiButton-containedSizeSmall MuiButton-colorAccent MuiButton-disableElevation btn-normal css-1rpbjkv" type="button"> is not clickable at point (670,135) because another element <div class="MuiBackdrop-root css-cpeh0l"> obscures it
Build info: version: '4.27.0', revision: 'd6e718d134'
System info: os.name: 'Windows 10', os.arch: 'amd64', os.version: '10.0', java.version: '21.0.8'
Driver info: org.openqa.selenium.firefox.FirefoxDriver
Command: [30eff435-abcc-4937-b7af-b6bff283707a, clickElement {id=b4c41fef-391a-4efa-8881-b90aae674909}]
Capabilities {acceptInsecureCerts: true, browserName: firefox, browserVersion: 147.0.3, moz:accessibilityChecks: false, moz:buildID: 20260203002554, moz:geckodriverVersion: 0.36.0, moz:headless: false, moz:platformVersion: 10.0, moz:processID: 24756, moz:profile: C:\Users\user\AppData\Local..., moz:shutdownTimeout: 60000, moz:webdriverClick: true, moz:windowless: false, pageLoadStrategy: normal, platformName: windows, proxy: Proxy(), setWindowRect: true, strictFileInteractability: false, timeouts: {implicit: 0, pageLoad: 300000, script: 30000}, unhandledPromptBehavior: dismiss and notify, userAgent: Mozilla/5.0 (Windows NT 10....}
Element: [[FirefoxDriver: firefox on windows (30eff435-abcc-4937-b7af-b6bff283707a)] -> xpath: (//button[@type="button"])[12]]
Session ID: 30eff435-abcc-4937-b7af-b6bff283707a
at java.base/jdk.internal.reflect.DirectConstructorHandleAccessor.newInstance(DirectConstructorHandleAccessor.java:62)
at java.base/java.lang.reflect.Constructor.newInstanceWithCaller(Constructor.java:502)
at java.base/java.lang.reflect.Constructor.newInstance(Constructor.java:486)
at org.openqa.selenium.remote.ErrorCodec.decode(ErrorCodec.java:167)
at org.openqa.selenium.remote.codec.w3c.W3CHttpResponseCodec.decode(W3CHttpResponseCodec.java:138)
at org.openqa.selenium.remote.codec.w3c.W3CHttpResponseCodec.decode(W3CHttpResponseCodec.java:50)
at org.openqa.selenium.remote.HttpCommandExecutor.execute(HttpCommandExecutor.java:190)
at org.openqa.selenium.remote.service.DriverCommandExecutor.invokeExecute(DriverCommandExecutor.java:216)
at org.openqa.selenium.remote.service.DriverCommandExecutor.execute(DriverCommandExecutor.java:174)
at org.openqa.selenium.remote.RemoteWebDriver.execute(RemoteWebDriver.java:545)
at org.openqa.selenium.remote.RemoteWebElement.execute(RemoteWebElement.java:223)
at org.openqa.selenium.remote.RemoteWebElement.click(RemoteWebElement.java:76)
at Keywords_Driven_Framework.KeywordsUAT.Click(KeywordsUAT.java:72)
at stepsDefinations.AccountUAT.searchRed(AccountUAT.java:157)
at ✽.click on RendSearch button(file:///C:/Users/user/eclipse-workspace/Framework/src/test/resources/feature/Sanity.feature:62)
]]>
            </full-stacktrace>
          </exception> <!-- org.openqa.selenium.ElementClickInterceptedException -->
          <reporter-output>
          </reporter-output>
        </test-method> <!-- runScenario -->
        <test-method signature="runScenario(io.cucumber.testng.PickleWrapper,io.cucumber.testng.FeatureWrapper)[pri:0, instance:runner.TestRunner@1ebd319f]" started-at="2026-02-16T11:42:18 IST" name="runScenario" description="Runs Cucumber Scenarios" data-provider="scenarios" finished-at="2026-02-16T11:43:05 IST" duration-ms="47339" status="FAIL">
          <params>
            <param index="0">
              <value>
                <![CDATA["Verify that Edit button functionality for Rendering provider page.."]]>
              </value>
            </param>
            <param index="1">
              <value>
                <![CDATA["Below test cases are for sanity testing"]]>
              </value>
            </param>
          </params>
          <exception class="org.openqa.selenium.ElementClickInterceptedException">
            <message>
              <![CDATA[Element <button class="MuiButtonBase-root MuiButton-root MuiButton-contained MuiButton-containedAccent MuiButton-sizeSmall MuiButton-containedSizeSmall MuiButton-colorAccent MuiButton-disableElevation MuiButton-root MuiButton-contained MuiButton-containedAccent MuiButton-sizeSmall MuiButton-containedSizeSmall MuiButton-colorAccent MuiButton-disableElevation btn-normal css-1rpbjkv" type="button"> is not clickable at point (670,135) because another element <div class="MuiBackdrop-root css-cpeh0l"> obscures it
Build info: version: '4.27.0', revision: 'd6e718d134'
System info: os.name: 'Windows 10', os.arch: 'amd64', os.version: '10.0', java.version: '21.0.8'
Driver info: org.openqa.selenium.firefox.FirefoxDriver
Command: [7aba495c-6ec3-4d39-a786-5b5595ffc0cf, clickElement {id=16cb2e78-849f-4bd3-b1c7-9f0b2ffafc76}]
Capabilities {acceptInsecureCerts: true, browserName: firefox, browserVersion: 147.0.3, moz:accessibilityChecks: false, moz:buildID: 20260203002554, moz:geckodriverVersion: 0.36.0, moz:headless: false, moz:platformVersion: 10.0, moz:processID: 23276, moz:profile: C:\Users\user\AppData\Local..., moz:shutdownTimeout: 60000, moz:webdriverClick: true, moz:windowless: false, pageLoadStrategy: normal, platformName: windows, proxy: Proxy(), setWindowRect: true, strictFileInteractability: false, timeouts: {implicit: 0, pageLoad: 300000, script: 30000}, unhandledPromptBehavior: dismiss and notify, userAgent: Mozilla/5.0 (Windows NT 10....}
Element: [[FirefoxDriver: firefox on windows (7aba495c-6ec3-4d39-a786-5b5595ffc0cf)] -> xpath: (//button[@type="button"])[12]]
Session ID: 7aba495c-6ec3-4d39-a786-5b5595ffc0cf]]>
            </message>
            <full-stacktrace>
              <![CDATA[org.openqa.selenium.ElementClickInterceptedException: Element <button class="MuiButtonBase-root MuiButton-root MuiButton-contained MuiButton-containedAccent MuiButton-sizeSmall MuiButton-containedSizeSmall MuiButton-colorAccent MuiButton-disableElevation MuiButton-root MuiButton-contained MuiButton-containedAccent MuiButton-sizeSmall MuiButton-containedSizeSmall MuiButton-colorAccent MuiButton-disableElevation btn-normal css-1rpbjkv" type="button"> is not clickable at point (670,135) because another element <div class="MuiBackdrop-root css-cpeh0l"> obscures it
Build info: version: '4.27.0', revision: 'd6e718d134'
System info: os.name: 'Windows 10', os.arch: 'amd64', os.version: '10.0', java.version: '21.0.8'
Driver info: org.openqa.selenium.firefox.FirefoxDriver
Command: [7aba495c-6ec3-4d39-a786-5b5595ffc0cf, clickElement {id=16cb2e78-849f-4bd3-b1c7-9f0b2ffafc76}]
Capabilities {acceptInsecureCerts: true, browserName: firefox, browserVersion: 147.0.3, moz:accessibilityChecks: false, moz:buildID: 20260203002554, moz:geckodriverVersion: 0.36.0, moz:headless: false, moz:platformVersion: 10.0, moz:processID: 23276, moz:profile: C:\Users\user\AppData\Local..., moz:shutdownTimeout: 60000, moz:webdriverClick: true, moz:windowless: false, pageLoadStrategy: normal, platformName: windows, proxy: Proxy(), setWindowRect: true, strictFileInteractability: false, timeouts: {implicit: 0, pageLoad: 300000, script: 30000}, unhandledPromptBehavior: dismiss and notify, userAgent: Mozilla/5.0 (Windows NT 10....}
Element: [[FirefoxDriver: firefox on windows (7aba495c-6ec3-4d39-a786-5b5595ffc0cf)] -> xpath: (//button[@type="button"])[12]]
Session ID: 7aba495c-6ec3-4d39-a786-5b5595ffc0cf
at java.base/jdk.internal.reflect.DirectConstructorHandleAccessor.newInstance(DirectConstructorHandleAccessor.java:62)
at java.base/java.lang.reflect.Constructor.newInstanceWithCaller(Constructor.java:502)
at java.base/java.lang.reflect.Constructor.newInstance(Constructor.java:486)
at org.openqa.selenium.remote.ErrorCodec.decode(ErrorCodec.java:167)
at org.openqa.selenium.remote.codec.w3c.W3CHttpResponseCodec.decode(W3CHttpResponseCodec.java:138)
at org.openqa.selenium.remote.codec.w3c.W3CHttpResponseCodec.decode(W3CHttpResponseCodec.java:50)
at org.openqa.selenium.remote.HttpCommandExecutor.execute(HttpCommandExecutor.java:190)
at org.openqa.selenium.remote.service.DriverCommandExecutor.invokeExecute(DriverCommandExecutor.java:216)
at org.openqa.selenium.remote.service.DriverCommandExecutor.execute(DriverCommandExecutor.java:174)
at org.openqa.selenium.remote.RemoteWebDriver.execute(RemoteWebDriver.java:545)
at org.openqa.selenium.remote.RemoteWebElement.execute(RemoteWebElement.java:223)
at org.openqa.selenium.remote.RemoteWebElement.click(RemoteWebElement.java:76)
at Keywords_Driven_Framework.KeywordsUAT.Click(KeywordsUAT.java:72)
at stepsDefinations.AccountUAT.searchRed(AccountUAT.java:157)
at ✽.click on RendSearch button(file:///C:/Users/user/eclipse-workspace/Framework/src/test/resources/feature/Sanity.feature:73)
]]>
            </full-stacktrace>
          </exception> <!-- org.openqa.selenium.ElementClickInterceptedException -->
          <reporter-output>
          </reporter-output>
        </test-method> <!-- runScenario -->
        <test-method signature="runScenario(io.cucumber.testng.PickleWrapper,io.cucumber.testng.FeatureWrapper)[pri:0, instance:runner.TestRunner@1ebd319f]" started-at="2026-02-16T11:43:05 IST" name="runScenario" description="Runs Cucumber Scenarios" data-provider="scenarios" finished-at="2026-02-16T11:44:11 IST" duration-ms="65844" status="PASS">
          <params>
            <param index="0">
              <value>
                <![CDATA["Verify that search button functionality for Service Location page.."]]>
              </value>
            </param>
            <param index="1">
              <value>
                <![CDATA["Below test cases are for sanity testing"]]>
              </value>
            </param>
          </params>
          <reporter-output>
          </reporter-output>
        </test-method> <!-- runScenario -->
        <test-method signature="runScenario(io.cucumber.testng.PickleWrapper,io.cucumber.testng.FeatureWrapper)[pri:0, instance:runner.TestRunner@1ebd319f]" started-at="2026-02-16T11:44:11 IST" name="runScenario" description="Runs Cucumber Scenarios" data-provider="scenarios" finished-at="2026-02-16T11:45:23 IST" duration-ms="71617" status="PASS">
          <params>
            <param index="0">
              <value>
                <![CDATA["Verify that Edit button functionality for Service Location page.."]]>
              </value>
            </param>
            <param index="1">
              <value>
                <![CDATA["Below test cases are for sanity testing"]]>
              </value>
            </param>
          </params>
          <reporter-output>
          </reporter-output>
        </test-method> <!-- runScenario -->
        <test-method is-config="true" signature="tearDownClass()[pri:0, instance:runner.TestRunner@1ebd319f]" started-at="2026-02-16T11:45:23 IST" name="tearDownClass" finished-at="2026-02-16T11:45:24 IST" duration-ms="1050" status="PASS">
          <reporter-output>
          </reporter-output>
        </test-method> <!-- tearDownClass -->
      </class> <!-- runner.TestRunner -->
    </test> <!-- Default test -->
  </suite> <!-- Default suite -->
</testng-results>
