<?xml version="1.0" encoding="UTF-8"?>
<!-- Generated by org.testng.reporters.JUnitReportReporter -->
<testsuite hostname="DESKTOP-M6T532G" failures="0" tests="7" name="runner.TestRunner" time="395.428" errors="3" timestamp="2026-02-16T11:45:24 IST" skipped="0">
  <testcase classname="runner.TestRunner" name="runScenario" time="71.617"/>
  <testcase classname="runner.TestRunner" name="runScenario" time="65.844"/>
  <testcase classname="runner.TestRunner" name="runScenario" time="52.612">
    <error message="Element &lt;button class=&quot;MuiButtonBase-root MuiButton-root MuiButton-contained MuiButton-containedAccent MuiButton-sizeSmall MuiButton-containedSizeSmall MuiButton-colorAccent MuiButton-disableElevation MuiButton-root MuiButton-contained MuiButton-containedAccent MuiButton-sizeSmall MuiButton-containedSizeSmall MuiButton-colorAccent MuiButton-disableElevation btn-normal css-1rpbjkv&quot; type=&quot;button&quot;&gt; is not clickable at point (670,141) because another element &lt;div class=&quot;MuiBackdrop-root css-cpeh0l&quot;&gt; obscures it
Build info: version: &#039;4.27.0&#039;, revision: &#039;d6e718d134&#039;
System info: os.name: &#039;Windows 10&#039;, os.arch: &#039;amd64&#039;, os.version: &#039;10.0&#039;, java.version: &#039;21.0.8&#039;
Driver info: org.openqa.selenium.firefox.FirefoxDriver
Command: [9703e681-ece8-469b-98dd-29829f7112a4, clickElement {id=319e0837-b77a-4db8-b67d-cf56353c129d}]
Capabilities {acceptInsecureCerts: true, browserName: firefox, browserVersion: 147.0.3, moz:accessibilityChecks: false, moz:buildID: 20260203002554, moz:geckodriverVersion: 0.36.0, moz:headless: false, moz:platformVersion: 10.0, moz:processID: 6636, moz:profile: C:\Users\user\AppData\Local..., moz:shutdownTimeout: 60000, moz:webdriverClick: true, moz:windowless: false, pageLoadStrategy: normal, platformName: windows, proxy: Proxy(), setWindowRect: true, strictFileInteractability: false, timeouts: {implicit: 0, pageLoad: 300000, script: 30000}, unhandledPromptBehavior: dismiss and notify, userAgent: Mozilla/5.0 (Windows NT 10....}
Element: [[FirefoxDriver: firefox on windows (9703e681-ece8-469b-98dd-29829f7112a4)] -&gt; xpath: //button[@class=&quot;MuiButtonBase-root MuiButton-root MuiButton-contained MuiButton-containedAccent MuiButton-sizeSmall MuiButton-containedSizeSmall MuiButton-colorAccent MuiButton-disableElevation MuiButton-root MuiButton-contained MuiButton-containedAccent MuiButton-sizeSmall MuiButton-containedSizeSmall MuiButton-colorAccent MuiButton-disableElevation btn-normal css-1rpbjkv&quot;]]
Session ID: 9703e681-ece8-469b-98dd-29829f7112a4" type="org.openqa.selenium.ElementClickInterceptedException">
      <![CDATA[org.openqa.selenium.ElementClickInterceptedException: Element <button class="MuiButtonBase-root MuiButton-root MuiButton-contained MuiButton-containedAccent MuiButton-sizeSmall MuiButton-containedSizeSmall MuiButton-colorAccent MuiButton-disableElevation MuiButton-root MuiButton-contained MuiButton-containedAccent MuiButton-sizeSmall MuiButton-containedSizeSmall MuiButton-colorAccent MuiButton-disableElevation btn-normal css-1rpbjkv" type="button"> is not clickable at point (670,141) because another element <div class="MuiBackdrop-root css-cpeh0l"> obscures it
Build info: version: '4.27.0', revision: 'd6e718d134'
System info: os.name: 'Windows 10', os.arch: 'amd64', os.version: '10.0', java.version: '21.0.8'
Driver info: org.openqa.selenium.firefox.FirefoxDriver
Command: [9703e681-ece8-469b-98dd-29829f7112a4, clickElement {id=319e0837-b77a-4db8-b67d-cf56353c129d}]
Capabilities {acceptInsecureCerts: true, browserName: firefox, browserVersion: 147.0.3, moz:accessibilityChecks: false, moz:buildID: 20260203002554, moz:geckodriverVersion: 0.36.0, moz:headless: false, moz:platformVersion: 10.0, moz:processID: 6636, moz:profile: C:\Users\user\AppData\Local..., moz:shutdownTimeout: 60000, moz:webdriverClick: true, moz:windowless: false, pageLoadStrategy: normal, platformName: windows, proxy: Proxy(), setWindowRect: true, strictFileInteractability: false, timeouts: {implicit: 0, pageLoad: 300000, script: 30000}, unhandledPromptBehavior: dismiss and notify, userAgent: Mozilla/5.0 (Windows NT 10....}
Element: [[FirefoxDriver: firefox on windows (9703e681-ece8-469b-98dd-29829f7112a4)] -> xpath: //button[@class="MuiButtonBase-root MuiButton-root MuiButton-contained MuiButton-containedAccent MuiButton-sizeSmall MuiButton-containedSizeSmall MuiButton-colorAccent MuiButton-disableElevation MuiButton-root MuiButton-contained MuiButton-containedAccent MuiButton-sizeSmall MuiButton-containedSizeSmall MuiButton-colorAccent MuiButton-disableElevation btn-normal css-1rpbjkv"]]
Session ID: 9703e681-ece8-469b-98dd-29829f7112a4
at java.base/jdk.internal.reflect.DirectConstructorHandleAccessor.newInstance(DirectConstructorHandleAccessor.java:62)
at java.base/java.lang.reflect.Constructor.newInstanceWithCaller(Constructor.java:502)
at java.base/java.lang.reflect.Constructor.newInstance(Constructor.java:486)
at org.openqa.selenium.remote.ErrorCodec.decode(ErrorCodec.java:167)
at org.openqa.selenium.remote.codec.w3c.W3CHttpResponseCodec.decode(W3CHttpResponseCodec.java:138)
at org.openqa.selenium.remote.codec.w3c.W3CHttpResponseCodec.decode(W3CHttpResponseCodec.java:50)
at org.openqa.selenium.remote.HttpCommandExecutor.execute(HttpCommandExecutor.java:190)
at org.openqa.selenium.remote.service.DriverCommandExecutor.invokeExecute(DriverCommandExecutor.java:216)
at org.openqa.selenium.remote.service.DriverCommandExecutor.execute(DriverCommandExecutor.java:174)
at org.openqa.selenium.remote.RemoteWebDriver.execute(RemoteWebDriver.java:545)
at org.openqa.selenium.remote.RemoteWebElement.execute(RemoteWebElement.java:223)
at org.openqa.selenium.remote.RemoteWebElement.click(RemoteWebElement.java:76)
at Keywords_Driven_Framework.KeywordsUAT.Click(KeywordsUAT.java:72)
at stepsDefinations.AccountUAT.SeARCH(AccountUAT.java:120)
at ✽.click on Search button(file:///C:/Users/user/eclipse-workspace/Framework/src/test/resources/feature/Sanity.feature:46)
]]>
    </error>
  </testcase> <!-- runScenario -->
  <testcase classname="runner.TestRunner" name="runScenario" time="67.099"/>
  <testcase classname="runner.TestRunner" name="runScenario" time="47.339">
    <error message="Element &lt;button class=&quot;MuiButtonBase-root MuiButton-root MuiButton-contained MuiButton-containedAccent MuiButton-sizeSmall MuiButton-containedSizeSmall MuiButton-colorAccent MuiButton-disableElevation MuiButton-root MuiButton-contained MuiButton-containedAccent MuiButton-sizeSmall MuiButton-containedSizeSmall MuiButton-colorAccent MuiButton-disableElevation btn-normal css-1rpbjkv&quot; type=&quot;button&quot;&gt; is not clickable at point (670,135) because another element &lt;div class=&quot;MuiBackdrop-root css-cpeh0l&quot;&gt; obscures it
Build info: version: &#039;4.27.0&#039;, revision: &#039;d6e718d134&#039;
System info: os.name: &#039;Windows 10&#039;, os.arch: &#039;amd64&#039;, os.version: &#039;10.0&#039;, java.version: &#039;21.0.8&#039;
Driver info: org.openqa.selenium.firefox.FirefoxDriver
Command: [7aba495c-6ec3-4d39-a786-5b5595ffc0cf, clickElement {id=16cb2e78-849f-4bd3-b1c7-9f0b2ffafc76}]
Capabilities {acceptInsecureCerts: true, browserName: firefox, browserVersion: 147.0.3, moz:accessibilityChecks: false, moz:buildID: 20260203002554, moz:geckodriverVersion: 0.36.0, moz:headless: false, moz:platformVersion: 10.0, moz:processID: 23276, moz:profile: C:\Users\user\AppData\Local..., moz:shutdownTimeout: 60000, moz:webdriverClick: true, moz:windowless: false, pageLoadStrategy: normal, platformName: windows, proxy: Proxy(), setWindowRect: true, strictFileInteractability: false, timeouts: {implicit: 0, pageLoad: 300000, script: 30000}, unhandledPromptBehavior: dismiss and notify, userAgent: Mozilla/5.0 (Windows NT 10....}
Element: [[FirefoxDriver: firefox on windows (7aba495c-6ec3-4d39-a786-5b5595ffc0cf)] -&gt; xpath: (//button[@type=&quot;button&quot;])[12]]
Session ID: 7aba495c-6ec3-4d39-a786-5b5595ffc0cf" type="org.openqa.selenium.ElementClickInterceptedException">
      <![CDATA[org.openqa.selenium.ElementClickInterceptedException: Element <button class="MuiButtonBase-root MuiButton-root MuiButton-contained MuiButton-containedAccent MuiButton-sizeSmall MuiButton-containedSizeSmall MuiButton-colorAccent MuiButton-disableElevation MuiButton-root MuiButton-contained MuiButton-containedAccent MuiButton-sizeSmall MuiButton-containedSizeSmall MuiButton-colorAccent MuiButton-disableElevation btn-normal css-1rpbjkv" type="button"> is not clickable at point (670,135) because another element <div class="MuiBackdrop-root css-cpeh0l"> obscures it
Build info: version: '4.27.0', revision: 'd6e718d134'
System info: os.name: 'Windows 10', os.arch: 'amd64', os.version: '10.0', java.version: '21.0.8'
Driver info: org.openqa.selenium.firefox.FirefoxDriver
Command: [7aba495c-6ec3-4d39-a786-5b5595ffc0cf, clickElement {id=16cb2e78-849f-4bd3-b1c7-9f0b2ffafc76}]
Capabilities {acceptInsecureCerts: true, browserName: firefox, browserVersion: 147.0.3, moz:accessibilityChecks: false, moz:buildID: 20260203002554, moz:geckodriverVersion: 0.36.0, moz:headless: false, moz:platformVersion: 10.0, moz:processID: 23276, moz:profile: C:\Users\user\AppData\Local..., moz:shutdownTimeout: 60000, moz:webdriverClick: true, moz:windowless: false, pageLoadStrategy: normal, platformName: windows, proxy: Proxy(), setWindowRect: true, strictFileInteractability: false, timeouts: {implicit: 0, pageLoad: 300000, script: 30000}, unhandledPromptBehavior: dismiss and notify, userAgent: Mozilla/5.0 (Windows NT 10....}
Element: [[FirefoxDriver: firefox on windows (7aba495c-6ec3-4d39-a786-5b5595ffc0cf)] -> xpath: (//button[@type="button"])[12]]
Session ID: 7aba495c-6ec3-4d39-a786-5b5595ffc0cf
at java.base/jdk.internal.reflect.DirectConstructorHandleAccessor.newInstance(DirectConstructorHandleAccessor.java:62)
at java.base/java.lang.reflect.Constructor.newInstanceWithCaller(Constructor.java:502)
at java.base/java.lang.reflect.Constructor.newInstance(Constructor.java:486)
at org.openqa.selenium.remote.ErrorCodec.decode(ErrorCodec.java:167)
at org.openqa.selenium.remote.codec.w3c.W3CHttpResponseCodec.decode(W3CHttpResponseCodec.java:138)
at org.openqa.selenium.remote.codec.w3c.W3CHttpResponseCodec.decode(W3CHttpResponseCodec.java:50)
at org.openqa.selenium.remote.HttpCommandExecutor.execute(HttpCommandExecutor.java:190)
at org.openqa.selenium.remote.service.DriverCommandExecutor.invokeExecute(DriverCommandExecutor.java:216)
at org.openqa.selenium.remote.service.DriverCommandExecutor.execute(DriverCommandExecutor.java:174)
at org.openqa.selenium.remote.RemoteWebDriver.execute(RemoteWebDriver.java:545)
at org.openqa.selenium.remote.RemoteWebElement.execute(RemoteWebElement.java:223)
at org.openqa.selenium.remote.RemoteWebElement.click(RemoteWebElement.java:76)
at Keywords_Driven_Framework.KeywordsUAT.Click(KeywordsUAT.java:72)
at stepsDefinations.AccountUAT.searchRed(AccountUAT.java:157)
at ✽.click on RendSearch button(file:///C:/Users/user/eclipse-workspace/Framework/src/test/resources/feature/Sanity.feature:73)
]]>
    </error>
  </testcase> <!-- runScenario -->
  <testcase classname="runner.TestRunner" name="runScenario" time="39.701"/>
  <testcase classname="runner.TestRunner" name="runScenario" time="51.216">
    <error message="Element &lt;button class=&quot;MuiButtonBase-root MuiButton-root MuiButton-contained MuiButton-containedAccent MuiButton-sizeSmall MuiButton-containedSizeSmall MuiButton-colorAccent MuiButton-disableElevation MuiButton-root MuiButton-contained MuiButton-containedAccent MuiButton-sizeSmall MuiButton-containedSizeSmall MuiButton-colorAccent MuiButton-disableElevation btn-normal css-1rpbjkv&quot; type=&quot;button&quot;&gt; is not clickable at point (670,135) because another element &lt;div class=&quot;MuiBackdrop-root css-cpeh0l&quot;&gt; obscures it
Build info: version: &#039;4.27.0&#039;, revision: &#039;d6e718d134&#039;
System info: os.name: &#039;Windows 10&#039;, os.arch: &#039;amd64&#039;, os.version: &#039;10.0&#039;, java.version: &#039;21.0.8&#039;
Driver info: org.openqa.selenium.firefox.FirefoxDriver
Command: [30eff435-abcc-4937-b7af-b6bff283707a, clickElement {id=b4c41fef-391a-4efa-8881-b90aae674909}]
Capabilities {acceptInsecureCerts: true, browserName: firefox, browserVersion: 147.0.3, moz:accessibilityChecks: false, moz:buildID: 20260203002554, moz:geckodriverVersion: 0.36.0, moz:headless: false, moz:platformVersion: 10.0, moz:processID: 24756, moz:profile: C:\Users\user\AppData\Local..., moz:shutdownTimeout: 60000, moz:webdriverClick: true, moz:windowless: false, pageLoadStrategy: normal, platformName: windows, proxy: Proxy(), setWindowRect: true, strictFileInteractability: false, timeouts: {implicit: 0, pageLoad: 300000, script: 30000}, unhandledPromptBehavior: dismiss and notify, userAgent: Mozilla/5.0 (Windows NT 10....}
Element: [[FirefoxDriver: firefox on windows (30eff435-abcc-4937-b7af-b6bff283707a)] -&gt; xpath: (//button[@type=&quot;button&quot;])[12]]
Session ID: 30eff435-abcc-4937-b7af-b6bff283707a" type="org.openqa.selenium.ElementClickInterceptedException">
      <![CDATA[org.openqa.selenium.ElementClickInterceptedException: Element <button class="MuiButtonBase-root MuiButton-root MuiButton-contained MuiButton-containedAccent MuiButton-sizeSmall MuiButton-containedSizeSmall MuiButton-colorAccent MuiButton-disableElevation MuiButton-root MuiButton-contained MuiButton-containedAccent MuiButton-sizeSmall MuiButton-containedSizeSmall MuiButton-colorAccent MuiButton-disableElevation btn-normal css-1rpbjkv" type="button"> is not clickable at point (670,135) because another element <div class="MuiBackdrop-root css-cpeh0l"> obscures it
Build info: version: '4.27.0', revision: 'd6e718d134'
System info: os.name: 'Windows 10', os.arch: 'amd64', os.version: '10.0', java.version: '21.0.8'
Driver info: org.openqa.selenium.firefox.FirefoxDriver
Command: [30eff435-abcc-4937-b7af-b6bff283707a, clickElement {id=b4c41fef-391a-4efa-8881-b90aae674909}]
Capabilities {acceptInsecureCerts: true, browserName: firefox, browserVersion: 147.0.3, moz:accessibilityChecks: false, moz:buildID: 20260203002554, moz:geckodriverVersion: 0.36.0, moz:headless: false, moz:platformVersion: 10.0, moz:processID: 24756, moz:profile: C:\Users\user\AppData\Local..., moz:shutdownTimeout: 60000, moz:webdriverClick: true, moz:windowless: false, pageLoadStrategy: normal, platformName: windows, proxy: Proxy(), setWindowRect: true, strictFileInteractability: false, timeouts: {implicit: 0, pageLoad: 300000, script: 30000}, unhandledPromptBehavior: dismiss and notify, userAgent: Mozilla/5.0 (Windows NT 10....}
Element: [[FirefoxDriver: firefox on windows (30eff435-abcc-4937-b7af-b6bff283707a)] -> xpath: (//button[@type="button"])[12]]
Session ID: 30eff435-abcc-4937-b7af-b6bff283707a
at java.base/jdk.internal.reflect.DirectConstructorHandleAccessor.newInstance(DirectConstructorHandleAccessor.java:62)
at java.base/java.lang.reflect.Constructor.newInstanceWithCaller(Constructor.java:502)
at java.base/java.lang.reflect.Constructor.newInstance(Constructor.java:486)
at org.openqa.selenium.remote.ErrorCodec.decode(ErrorCodec.java:167)
at org.openqa.selenium.remote.codec.w3c.W3CHttpResponseCodec.decode(W3CHttpResponseCodec.java:138)
at org.openqa.selenium.remote.codec.w3c.W3CHttpResponseCodec.decode(W3CHttpResponseCodec.java:50)
at org.openqa.selenium.remote.HttpCommandExecutor.execute(HttpCommandExecutor.java:190)
at org.openqa.selenium.remote.service.DriverCommandExecutor.invokeExecute(DriverCommandExecutor.java:216)
at org.openqa.selenium.remote.service.DriverCommandExecutor.execute(DriverCommandExecutor.java:174)
at org.openqa.selenium.remote.RemoteWebDriver.execute(RemoteWebDriver.java:545)
at org.openqa.selenium.remote.RemoteWebElement.execute(RemoteWebElement.java:223)
at org.openqa.selenium.remote.RemoteWebElement.click(RemoteWebElement.java:76)
at Keywords_Driven_Framework.KeywordsUAT.Click(KeywordsUAT.java:72)
at stepsDefinations.AccountUAT.searchRed(AccountUAT.java:157)
at ✽.click on RendSearch button(file:///C:/Users/user/eclipse-workspace/Framework/src/test/resources/feature/Sanity.feature:62)
]]>
    </error>
  </testcase> <!-- runScenario -->
</testsuite> <!-- runner.TestRunner -->
